timestamp: 2021-05-20T13:10:32.322383
CREATE TABLE "py4web_session"(
    "id" INTEGER PRIMARY KEY AUTOINCREMENT,
    "rkey" CHAR(512),
    "rvalue" TEXT,
    "expiration" INTEGER,
    "created_on" TIMESTAMP,
    "expires_on" TIMESTAMP
);
success!
timestamp: 2021-05-20T13:10:32.327164
CREATE TABLE "auth_user"(
    "id" INTEGER PRIMARY KEY AUTOINCREMENT,
    "email" CHAR(512) UNIQUE,
    "password" CHAR(512),
    "first_name" CHAR(512),
    "last_name" CHAR(512),
    "sso_id" CHAR(512),
    "action_token" CHAR(512),
    "last_password_change" TIMESTAMP,
    "past_passwords_hash" TEXT
);
success!
timestamp: 2021-05-20T13:10:32.330054
CREATE TABLE "auth_user_tag_groups"(
    "id" INTEGER PRIMARY KEY AUTOINCREMENT,
    "path" CHAR(512),
    "record_id" INTEGER REFERENCES "auth_user" ("id") ON DELETE CASCADE  
);
success!
timestamp: 2021-05-21T00:54:49.392585
CREATE TABLE "user"(
    "id" INTEGER PRIMARY KEY AUTOINCREMENT,
    "first_name" CHAR(512),
    "last_name" CHAR(512)
);
success!
timestamp: 2021-05-21T01:41:09.859212
CREATE TABLE "post"(
    "id" INTEGER PRIMARY KEY AUTOINCREMENT,
    "user_id" INTEGER REFERENCES "user" ("id") ON DELETE CASCADE  ,
    "content" CHAR(512),
    "likes" INTEGER
);
success!
timestamp: 2021-05-21T02:51:59.353827
ALTER TABLE "post" ADD "first_name" CHAR(512);
timestamp: 2021-05-21T02:51:59.356280
ALTER TABLE "post" ADD "last_name" CHAR(512);
success!
timestamp: 2021-05-21T03:10:45.025608
ALTER TABLE "post" ADD "name" CHAR(512);
success!
success!
success!
success!
success!
success!
success!
success!
success!
success!
success!
success!
success!
success!
success!
success!
success!
success!
success!
success!
success!
success!
success!
success!
success!
success!
success!
timestamp: 2021-05-21T12:31:08.997496
ALTER TABLE "post" ADD "email" CHAR(512);
success!
success!
success!
success!
success!
success!
success!
success!
success!
timestamp: 2021-05-21T13:45:16.634584
CREATE TABLE "likes"(
    "id" INTEGER PRIMARY KEY AUTOINCREMENT,
    "post" INTEGER REFERENCES "post" ("id") ON DELETE CASCADE  ,
    "likers" CHAR(512),
    "liker" INTEGER REFERENCES "auth_user" ("id") ON DELETE CASCADE  
);
success!
success!
success!
success!
success!
success!
success!
success!
success!
success!
success!
timestamp: 2021-05-27T13:52:35.111642
CREATE TABLE "posts"(
    "id" INTEGER PRIMARY KEY AUTOINCREMENT,
    "name" CHAR(512),
    "content" CHAR(512),
    "email" CHAR(512)
);
success!
timestamp: 2021-05-27T13:52:35.116905
ALTER TABLE "likes" ADD "post_id" INTEGER REFERENCES "posts" ("id") ON DELETE CASCADE  ;
timestamp: 2021-05-27T13:52:35.118870
ALTER TABLE "likes" ADD "like_type" INTEGER;
success!
success!
success!
success!
success!
success!
success!
success!
success!
success!
success!
success!
success!
success!
success!
success!
success!
success!
success!
success!
success!
timestamp: 2021-05-27T14:38:55.660733
ALTER TABLE "likes" ADD "likee" CHAR(512);
success!
success!
success!
success!
success!
success!
success!
success!
success!
success!
success!
success!
success!
success!
success!
success!
success!
success!
success!
success!
success!
success!
success!
success!
success!
success!
success!
success!
success!
success!
success!
success!
success!
success!
success!
success!
success!
success!
success!
success!
success!
success!
success!
success!
success!
success!
success!
success!
success!
success!
success!
success!
<<<<<<< HEAD:bizz_3/databases/sql.log
=======
<<<<<<< HEAD
=======
timestamp: 2021-06-02T23:29:59.486191
ALTER TABLE "posts" ADD "thumbnail" CHAR(512);
>>>>>>> origin/Neelam
>>>>>>> Neha:code/databases/sql.log
success!
success!
success!
success!
success!
success!
success!
success!
success!
success!
success!
success!
<<<<<<< HEAD:bizz_3/databases/sql.log
=======
timestamp: 2021-06-03T01:23:54.480239
ALTER TABLE "posts" ADD "image" TEXT;
>>>>>>> Neha:code/databases/sql.log
success!
success!
success!
success!
success!
success!
success!
success!
success!
success!
success!
success!
success!
success!
success!
success!
success!
success!
success!
success!
success!
success!
success!
success!
success!
success!
success!
success!
success!
success!
success!
success!
<<<<<<< HEAD:bizz_3/databases/sql.log
=======
timestamp: 2021-06-03T18:19:15.637262
ALTER TABLE "posts" ADD "title" CHAR(512);
>>>>>>> Neha:code/databases/sql.log
success!
success!
success!
success!
success!
success!
success!
success!
success!
success!
success!
success!
success!
success!
success!
success!
success!
success!
success!
success!
success!
success!
success!
success!
success!
success!
success!
success!
success!
success!
success!
success!
success!
success!
success!
success!
success!
success!
success!
success!
success!
success!
success!
success!
success!
success!
success!
success!
success!
success!
success!
success!
success!
success!
success!
success!
success!
success!
success!
success!
success!
success!
success!
success!
success!
success!
success!
success!
success!
success!
success!
<<<<<<< HEAD:bizz_3/databases/sql.log
=======
timestamp: 2021-06-03T18:57:55.110227
ALTER TABLE "posts" ADD "location" CHAR(512);
success!
success!
success!
success!
success!
success!
timestamp: 2021-06-03T21:32:36.827880
ALTER TABLE "posts" ADD "title" CHAR(512);
timestamp: 2021-06-03T21:32:36.833166
ALTER TABLE "posts" ADD "location" CHAR(512);
timestamp: 2021-06-03T21:32:36.836430
ALTER TABLE "posts" ADD "thumbnail" TEXT;
success!
>>>>>>> Neha:code/databases/sql.log
success!
success!
success!
success!
success!
success!
success!
success!
success!
success!
success!
success!
success!
success!
success!
success!
success!
success!
success!
success!
success!
success!
success!
success!
success!
success!
timestamp: 2021-06-04T22:03:13.240687
ALTER TABLE "auth_user" ADD "username" CHAR(512) UNIQUE;
timestamp: 2021-06-04T22:03:44.962460
ALTER TABLE "auth_user" ADD "username" CHAR(512) UNIQUE;
timestamp: 2021-06-04T22:05:17.509721
ALTER TABLE "auth_user" ADD "username" CHAR(512) UNIQUE;
timestamp: 2021-06-04T22:06:19.682277
ALTER TABLE "auth_user" ADD "smallbizz" CHAR(512);
success!
success!
timestamp: 2021-06-04T22:08:17.485364
ALTER TABLE "auth_user" ADD "small_bizz" CHAR(512);
success!
success!
timestamp: 2021-06-04T22:09:50.652074
ALTER TABLE "auth_user" ADD "small_business" CHAR(512);
success!
success!
success!
success!
success!
success!
success!
success!
success!
success!
success!
success!
success!
success!
success!
success!
success!
success!
success!
success!
success!
success!
success!
success!
success!
success!
success!
success!
success!
success!
success!
success!
success!
success!
success!
success!
success!
success!
success!
success!
success!
success!
success!
success!
success!
success!
success!
success!
success!
success!
success!
success!
success!
success!
success!
success!
success!
success!
success!
success!
success!
success!
success!
success!
success!
success!
success!
success!
success!
success!
success!
success!
success!
success!
success!
success!
success!
success!
success!
success!
timestamp: 2021-06-06T03:33:16.998943
ALTER TABLE "posts" ADD "category" CHAR(512);
success!
success!
success!
success!
success!
success!
success!
success!
success!
success!
success!
success!
success!
success!
success!
success!
success!
success!
success!
success!
success!
success!
success!
success!
success!
success!
success!
success!
success!
success!
success!
success!
success!
success!
success!
success!
success!
success!
success!
success!
success!
success!
success!
success!
success!
success!
success!
success!
success!
success!
success!
success!
success!
success!
success!
success!
success!
timestamp: 2021-06-06T17:05:55.527574
ALTER TABLE "posts" ADD "business_name" CHAR(512);
success!
success!
success!
success!
success!
success!
success!
success!
success!
success!
success!
success!
success!
success!
success!
success!
success!
success!
success!
success!
success!
success!
success!
success!
success!
success!
success!
success!
success!
success!
success!
success!
success!
success!
success!
success!
success!
success!
success!
success!
success!
success!
success!
success!
success!
success!
success!
success!
success!
success!
success!
success!
success!
success!
success!
success!
success!
success!
success!
success!
success!
success!
success!
success!
timestamp: 2021-06-06T19:37:52.782811
CREATE TABLE "comments"(
    "id" INTEGER PRIMARY KEY AUTOINCREMENT,
    "post_id" INTEGER REFERENCES "posts" ("id") ON DELETE CASCADE  ,
    "comment_content" CHAR(512),
    "commenter" CHAR(512),
    "email" CHAR(512)
);
success!
success!
success!
success!
success!
success!
success!
success!
success!
success!
success!
